<?xml version="1.0" encoding="UTF-8"?>
<testsuite name="ru.tsystems.devschool.controller.SchoolControllerTest" tests="2" skipped="2" failures="0" errors="0" timestamp="2024-04-24T11:04:12" hostname="rocky8.localdomain" time="0.001">
  <properties/>
  <testcase name="shouldCreateAndFindSchool" classname="ru.tsystems.devschool.controller.SchoolControllerTest" time="0.001">
    <skipped/>
  </testcase>
  <testcase name="shouldGetAllSchools" classname="ru.tsystems.devschool.controller.SchoolControllerTest" time="0.0">
    <skipped/>
  </testcase>
  <system-out><![CDATA[11:04:12.791 [Test worker] DEBUG org.springframework.test.context.junit4.SpringJUnit4ClassRunner - SpringJUnit4ClassRunner constructor called with [class ru.tsystems.devschool.controller.SchoolControllerTest]
11:04:12.792 [Test worker] DEBUG org.springframework.test.context.BootstrapUtils - Instantiating CacheAwareContextLoaderDelegate from class [org.springframework.test.context.cache.DefaultCacheAwareContextLoaderDelegate]
11:04:12.792 [Test worker] DEBUG org.springframework.test.context.BootstrapUtils - Instantiating BootstrapContext using constructor [public org.springframework.test.context.support.DefaultBootstrapContext(java.lang.Class,org.springframework.test.context.CacheAwareContextLoaderDelegate)]
11:04:12.793 [Test worker] DEBUG org.springframework.test.context.BootstrapUtils - Instantiating TestContextBootstrapper for test class [ru.tsystems.devschool.controller.SchoolControllerTest] from class [org.springframework.boot.test.context.SpringBootTestContextBootstrapper]
11:04:12.794 [Test worker] INFO org.springframework.boot.test.context.SpringBootTestContextBootstrapper - Neither @ContextConfiguration nor @ContextHierarchy found for test class [ru.tsystems.devschool.controller.SchoolControllerTest], using SpringBootContextLoader
11:04:12.795 [Test worker] DEBUG org.springframework.test.context.support.AbstractContextLoader - Did not detect default resource location for test class [ru.tsystems.devschool.controller.SchoolControllerTest]: class path resource [ru/tsystems/devschool/controller/SchoolControllerTest-context.xml] does not exist
11:04:12.795 [Test worker] DEBUG org.springframework.test.context.support.AbstractContextLoader - Did not detect default resource location for test class [ru.tsystems.devschool.controller.SchoolControllerTest]: class path resource [ru/tsystems/devschool/controller/SchoolControllerTestContext.groovy] does not exist
11:04:12.795 [Test worker] INFO org.springframework.test.context.support.AbstractContextLoader - Could not detect default resource locations for test class [ru.tsystems.devschool.controller.SchoolControllerTest]: no resource found for suffixes {-context.xml, Context.groovy}.
11:04:12.795 [Test worker] INFO org.springframework.test.context.support.AnnotationConfigContextLoaderUtils - Could not detect default configuration classes for test class [ru.tsystems.devschool.controller.SchoolControllerTest]: SchoolControllerTest does not declare any static, non-private, non-final, nested classes annotated with @Configuration.
11:04:12.797 [Test worker] DEBUG org.springframework.test.context.support.ActiveProfilesUtils - Could not find an 'annotation declaring class' for annotation type [org.springframework.test.context.ActiveProfiles] and class [ru.tsystems.devschool.controller.SchoolControllerTest]
11:04:12.797 [Test worker] INFO org.springframework.boot.test.context.SpringBootTestContextBootstrapper - Found @SpringBootConfiguration ru.tsystems.devschool.DevSchoolApplication for test class ru.tsystems.devschool.controller.SchoolControllerTest
11:04:12.799 [Test worker] DEBUG org.springframework.boot.test.context.SpringBootTestContextBootstrapper - @TestExecutionListeners is not present for class [ru.tsystems.devschool.controller.SchoolControllerTest]: using defaults.
11:04:12.799 [Test worker] INFO org.springframework.boot.test.context.SpringBootTestContextBootstrapper - Loaded default TestExecutionListener class names from location [META-INF/spring.factories]: [org.springframework.boot.test.autoconfigure.restdocs.RestDocsTestExecutionListener, org.springframework.boot.test.autoconfigure.web.client.MockRestServiceServerResetTestExecutionListener, org.springframework.boot.test.autoconfigure.web.servlet.MockMvcPrintOnlyOnFailureTestExecutionListener, org.springframework.boot.test.autoconfigure.web.servlet.WebDriverTestExecutionListener, org.springframework.boot.test.autoconfigure.webservices.client.MockWebServiceServerTestExecutionListener, org.springframework.boot.test.mock.mockito.MockitoTestExecutionListener, org.springframework.boot.test.mock.mockito.ResetMocksTestExecutionListener, org.springframework.test.context.web.ServletTestExecutionListener, org.springframework.test.context.support.DirtiesContextBeforeModesTestExecutionListener, org.springframework.test.context.support.DependencyInjectionTestExecutionListener, org.springframework.test.context.support.DirtiesContextTestExecutionListener, org.springframework.test.context.transaction.TransactionalTestExecutionListener, org.springframework.test.context.jdbc.SqlScriptsTestExecutionListener, org.springframework.test.context.event.EventPublishingTestExecutionListener]
11:04:12.799 [Test worker] INFO org.springframework.boot.test.context.SpringBootTestContextBootstrapper - Using TestExecutionListeners: [org.springframework.test.context.web.ServletTestExecutionListener@1cc0fded, org.springframework.test.context.support.DirtiesContextBeforeModesTestExecutionListener@74d95d40, org.springframework.boot.test.mock.mockito.MockitoTestExecutionListener@525bf0, org.springframework.boot.test.autoconfigure.SpringBootDependencyInjectionTestExecutionListener@3e35fcdf, org.springframework.test.context.support.DirtiesContextTestExecutionListener@25815161, org.springframework.test.context.transaction.TransactionalTestExecutionListener@1b8c3bcc, org.springframework.test.context.jdbc.SqlScriptsTestExecutionListener@9936e96, org.springframework.test.context.event.EventPublishingTestExecutionListener@1851a87f, org.springframework.boot.test.autoconfigure.restdocs.RestDocsTestExecutionListener@3774e84d, org.springframework.boot.test.autoconfigure.web.client.MockRestServiceServerResetTestExecutionListener@4d5cf734, org.springframework.boot.test.autoconfigure.web.servlet.MockMvcPrintOnlyOnFailureTestExecutionListener@5fa9d7d7, org.springframework.boot.test.autoconfigure.web.servlet.WebDriverTestExecutionListener@4aae8e0d, org.springframework.boot.test.autoconfigure.webservices.client.MockWebServiceServerTestExecutionListener@5a882195, org.springframework.boot.test.mock.mockito.ResetMocksTestExecutionListener@704788a7]
11:04:12.799 [Test worker] DEBUG org.springframework.test.annotation.ProfileValueUtils - Retrieved @ProfileValueSourceConfiguration [null] for test class [ru.tsystems.devschool.controller.SchoolControllerTest]
11:04:12.799 [Test worker] DEBUG org.springframework.test.annotation.ProfileValueUtils - Retrieved ProfileValueSource type [class org.springframework.test.annotation.SystemProfileValueSource] for class [ru.tsystems.devschool.controller.SchoolControllerTest]
11:04:12.800 [Test worker] DEBUG org.springframework.test.annotation.ProfileValueUtils - Retrieved @ProfileValueSourceConfiguration [null] for test class [ru.tsystems.devschool.controller.SchoolControllerTest]
11:04:12.800 [Test worker] DEBUG org.springframework.test.annotation.ProfileValueUtils - Retrieved ProfileValueSource type [class org.springframework.test.annotation.SystemProfileValueSource] for class [ru.tsystems.devschool.controller.SchoolControllerTest]
11:04:12.800 [Test worker] DEBUG org.springframework.test.annotation.ProfileValueUtils - Retrieved @ProfileValueSourceConfiguration [null] for test class [ru.tsystems.devschool.controller.SchoolControllerTest]
11:04:12.800 [Test worker] DEBUG org.springframework.test.annotation.ProfileValueUtils - Retrieved ProfileValueSource type [class org.springframework.test.annotation.SystemProfileValueSource] for class [ru.tsystems.devschool.controller.SchoolControllerTest]
11:04:12.800 [Test worker] DEBUG org.springframework.test.annotation.ProfileValueUtils - Retrieved @ProfileValueSourceConfiguration [null] for test class [ru.tsystems.devschool.controller.SchoolControllerTest]
11:04:12.800 [Test worker] DEBUG org.springframework.test.annotation.ProfileValueUtils - Retrieved ProfileValueSource type [class org.springframework.test.annotation.SystemProfileValueSource] for class [ru.tsystems.devschool.controller.SchoolControllerTest]
]]></system-out>
  <system-err><![CDATA[]]></system-err>
</testsuite>
