<?xml version="1.0" encoding="UTF-8"?>
<testsuite name="ru.tsystems.devschool.controller.MentorControllerTest" tests="2" skipped="2" failures="0" errors="0" timestamp="2024-04-24T11:04:12" hostname="rocky8.localdomain" time="0.0">
  <properties/>
  <testcase name="shouldGetAllMentors" classname="ru.tsystems.devschool.controller.MentorControllerTest" time="0.0">
    <skipped/>
  </testcase>
  <testcase name="shouldCreateAndFindMentor" classname="ru.tsystems.devschool.controller.MentorControllerTest" time="0.0">
    <skipped/>
  </testcase>
  <system-out><![CDATA[11:04:12.783 [Test worker] DEBUG org.springframework.test.context.junit4.SpringJUnit4ClassRunner - SpringJUnit4ClassRunner constructor called with [class ru.tsystems.devschool.controller.MentorControllerTest]
11:04:12.784 [Test worker] DEBUG org.springframework.test.context.BootstrapUtils - Instantiating CacheAwareContextLoaderDelegate from class [org.springframework.test.context.cache.DefaultCacheAwareContextLoaderDelegate]
11:04:12.784 [Test worker] DEBUG org.springframework.test.context.BootstrapUtils - Instantiating BootstrapContext using constructor [public org.springframework.test.context.support.DefaultBootstrapContext(java.lang.Class,org.springframework.test.context.CacheAwareContextLoaderDelegate)]
11:04:12.784 [Test worker] DEBUG org.springframework.test.context.BootstrapUtils - Instantiating TestContextBootstrapper for test class [ru.tsystems.devschool.controller.MentorControllerTest] from class [org.springframework.boot.test.context.SpringBootTestContextBootstrapper]
11:04:12.785 [Test worker] INFO org.springframework.boot.test.context.SpringBootTestContextBootstrapper - Neither @ContextConfiguration nor @ContextHierarchy found for test class [ru.tsystems.devschool.controller.MentorControllerTest], using SpringBootContextLoader
11:04:12.785 [Test worker] DEBUG org.springframework.test.context.support.AbstractContextLoader - Did not detect default resource location for test class [ru.tsystems.devschool.controller.MentorControllerTest]: class path resource [ru/tsystems/devschool/controller/MentorControllerTest-context.xml] does not exist
11:04:12.785 [Test worker] DEBUG org.springframework.test.context.support.AbstractContextLoader - Did not detect default resource location for test class [ru.tsystems.devschool.controller.MentorControllerTest]: class path resource [ru/tsystems/devschool/controller/MentorControllerTestContext.groovy] does not exist
11:04:12.786 [Test worker] INFO org.springframework.test.context.support.AbstractContextLoader - Could not detect default resource locations for test class [ru.tsystems.devschool.controller.MentorControllerTest]: no resource found for suffixes {-context.xml, Context.groovy}.
11:04:12.786 [Test worker] INFO org.springframework.test.context.support.AnnotationConfigContextLoaderUtils - Could not detect default configuration classes for test class [ru.tsystems.devschool.controller.MentorControllerTest]: MentorControllerTest does not declare any static, non-private, non-final, nested classes annotated with @Configuration.
11:04:12.787 [Test worker] DEBUG org.springframework.test.context.support.ActiveProfilesUtils - Could not find an 'annotation declaring class' for annotation type [org.springframework.test.context.ActiveProfiles] and class [ru.tsystems.devschool.controller.MentorControllerTest]
11:04:12.787 [Test worker] INFO org.springframework.boot.test.context.SpringBootTestContextBootstrapper - Found @SpringBootConfiguration ru.tsystems.devschool.DevSchoolApplication for test class ru.tsystems.devschool.controller.MentorControllerTest
11:04:12.788 [Test worker] DEBUG org.springframework.boot.test.context.SpringBootTestContextBootstrapper - @TestExecutionListeners is not present for class [ru.tsystems.devschool.controller.MentorControllerTest]: using defaults.
11:04:12.789 [Test worker] INFO org.springframework.boot.test.context.SpringBootTestContextBootstrapper - Loaded default TestExecutionListener class names from location [META-INF/spring.factories]: [org.springframework.boot.test.autoconfigure.restdocs.RestDocsTestExecutionListener, org.springframework.boot.test.autoconfigure.web.client.MockRestServiceServerResetTestExecutionListener, org.springframework.boot.test.autoconfigure.web.servlet.MockMvcPrintOnlyOnFailureTestExecutionListener, org.springframework.boot.test.autoconfigure.web.servlet.WebDriverTestExecutionListener, org.springframework.boot.test.autoconfigure.webservices.client.MockWebServiceServerTestExecutionListener, org.springframework.boot.test.mock.mockito.MockitoTestExecutionListener, org.springframework.boot.test.mock.mockito.ResetMocksTestExecutionListener, org.springframework.test.context.web.ServletTestExecutionListener, org.springframework.test.context.support.DirtiesContextBeforeModesTestExecutionListener, org.springframework.test.context.support.DependencyInjectionTestExecutionListener, org.springframework.test.context.support.DirtiesContextTestExecutionListener, org.springframework.test.context.transaction.TransactionalTestExecutionListener, org.springframework.test.context.jdbc.SqlScriptsTestExecutionListener, org.springframework.test.context.event.EventPublishingTestExecutionListener]
11:04:12.789 [Test worker] INFO org.springframework.boot.test.context.SpringBootTestContextBootstrapper - Using TestExecutionListeners: [org.springframework.test.context.web.ServletTestExecutionListener@20d4c8fc, org.springframework.test.context.support.DirtiesContextBeforeModesTestExecutionListener@6f88d234, org.springframework.boot.test.mock.mockito.MockitoTestExecutionListener@307025ef, org.springframework.boot.test.autoconfigure.SpringBootDependencyInjectionTestExecutionListener@5ab56d6e, org.springframework.test.context.support.DirtiesContextTestExecutionListener@5c20cdec, org.springframework.test.context.transaction.TransactionalTestExecutionListener@7510bd2e, org.springframework.test.context.jdbc.SqlScriptsTestExecutionListener@447ea13e, org.springframework.test.context.event.EventPublishingTestExecutionListener@35d17ac2, org.springframework.boot.test.autoconfigure.restdocs.RestDocsTestExecutionListener@6f448e39, org.springframework.boot.test.autoconfigure.web.client.MockRestServiceServerResetTestExecutionListener@1fcdb732, org.springframework.boot.test.autoconfigure.web.servlet.MockMvcPrintOnlyOnFailureTestExecutionListener@2e8b92a4, org.springframework.boot.test.autoconfigure.web.servlet.WebDriverTestExecutionListener@10b2fadd, org.springframework.boot.test.autoconfigure.webservices.client.MockWebServiceServerTestExecutionListener@5bcc8bb4, org.springframework.boot.test.mock.mockito.ResetMocksTestExecutionListener@29cad3d8]
11:04:12.789 [Test worker] DEBUG org.springframework.test.annotation.ProfileValueUtils - Retrieved @ProfileValueSourceConfiguration [null] for test class [ru.tsystems.devschool.controller.MentorControllerTest]
11:04:12.789 [Test worker] DEBUG org.springframework.test.annotation.ProfileValueUtils - Retrieved ProfileValueSource type [class org.springframework.test.annotation.SystemProfileValueSource] for class [ru.tsystems.devschool.controller.MentorControllerTest]
11:04:12.789 [Test worker] DEBUG org.springframework.test.annotation.ProfileValueUtils - Retrieved @ProfileValueSourceConfiguration [null] for test class [ru.tsystems.devschool.controller.MentorControllerTest]
11:04:12.789 [Test worker] DEBUG org.springframework.test.annotation.ProfileValueUtils - Retrieved ProfileValueSource type [class org.springframework.test.annotation.SystemProfileValueSource] for class [ru.tsystems.devschool.controller.MentorControllerTest]
11:04:12.790 [Test worker] DEBUG org.springframework.test.annotation.ProfileValueUtils - Retrieved @ProfileValueSourceConfiguration [null] for test class [ru.tsystems.devschool.controller.MentorControllerTest]
11:04:12.790 [Test worker] DEBUG org.springframework.test.annotation.ProfileValueUtils - Retrieved ProfileValueSource type [class org.springframework.test.annotation.SystemProfileValueSource] for class [ru.tsystems.devschool.controller.MentorControllerTest]
11:04:12.790 [Test worker] DEBUG org.springframework.test.annotation.ProfileValueUtils - Retrieved @ProfileValueSourceConfiguration [null] for test class [ru.tsystems.devschool.controller.MentorControllerTest]
11:04:12.790 [Test worker] DEBUG org.springframework.test.annotation.ProfileValueUtils - Retrieved ProfileValueSource type [class org.springframework.test.annotation.SystemProfileValueSource] for class [ru.tsystems.devschool.controller.MentorControllerTest]
]]></system-out>
  <system-err><![CDATA[]]></system-err>
</testsuite>
